2017-02-25 09:37:18.437  INFO 16596 --- [main] c.l.startup.ZuulServerApplication        : No active profile set, falling back to default profiles: default
2017-02-25 09:37:18.460  INFO 16596 --- [main] ationConfigEmbeddedWebApplicationContext : Refreshing org.springframework.boot.context.embedded.AnnotationConfigEmbeddedWebApplicationContext@6f0da3: startup date [Sat Feb 25 09:37:18 CST 2017]; parent: org.springframework.context.annotation.AnnotationConfigApplicationContext@1197a46
2017-02-25 09:37:19.573  WARN 16596 --- [main] o.s.c.a.ConfigurationClassPostProcessor  : Cannot enhance @Configuration bean definition 'refreshScope' since its singleton instance has been created too early. The typical cause is a non-static @Bean method with a BeanDefinitionRegistryPostProcessor return type: Consider declaring such methods as 'static'.
2017-02-25 09:37:19.762  INFO 16596 --- [main] o.s.cloud.context.scope.GenericScope     : BeanFactory id=2abd8dcf-1ab9-3e46-b4d9-de91f039c22c
2017-02-25 09:37:19.791  INFO 16596 --- [main] f.a.AutowiredAnnotationBeanPostProcessor : JSR-330 'javax.inject.Inject' annotation found and supported for autowiring
2017-02-25 09:37:19.818  INFO 16596 --- [main] trationDelegate$BeanPostProcessorChecker : Bean 'org.springframework.boot.autoconfigure.validation.ValidationAutoConfiguration' of type [class org.springframework.boot.autoconfigure.validation.ValidationAutoConfiguration] is not eligible for getting processed by all BeanPostProcessors (for example: not eligible for auto-proxying)
2017-02-25 09:37:19.832  INFO 16596 --- [main] trationDelegate$BeanPostProcessorChecker : Bean 'validator' of type [class org.springframework.validation.beanvalidation.LocalValidatorFactoryBean] is not eligible for getting processed by all BeanPostProcessors (for example: not eligible for auto-proxying)
2017-02-25 09:37:20.239  INFO 16596 --- [main] trationDelegate$BeanPostProcessorChecker : Bean 'org.springframework.cloud.autoconfigure.ConfigurationPropertiesRebinderAutoConfiguration' of type [class org.springframework.cloud.autoconfigure.ConfigurationPropertiesRebinderAutoConfiguration$$EnhancerBySpringCGLIB$$99de9c01] is not eligible for getting processed by all BeanPostProcessors (for example: not eligible for auto-proxying)
2017-02-25 09:37:20.560  INFO 16596 --- [main] org.eclipse.jetty.util.log               : Logging initialized @4497ms to org.eclipse.jetty.util.log.Slf4jLog
2017-02-25 09:37:20.701  INFO 16596 --- [main] e.j.JettyEmbeddedServletContainerFactory : Server initialized with port: 9000
2017-02-25 09:37:20.703  INFO 16596 --- [main] org.eclipse.jetty.server.Server          : jetty-9.4.1.v20170120
2017-02-25 09:37:20.802  INFO 16596 --- [main] org.eclipse.jetty.server.session         : DefaultSessionIdManager workerName=node0
2017-02-25 09:37:20.802  INFO 16596 --- [main] org.eclipse.jetty.server.session         : No SessionScavenger set, using defaults
2017-02-25 09:37:20.804  INFO 16596 --- [main] org.eclipse.jetty.server.session         : Scavenging every 600000ms
2017-02-25 09:37:20.809  INFO 16596 --- [main] application                              : Initializing Spring embedded WebApplicationContext
2017-02-25 09:37:20.809  INFO 16596 --- [main] o.s.web.context.ContextLoader            : Root WebApplicationContext: initialization completed in 2349 ms
2017-02-25 09:37:21.732  WARN 16596 --- [main] c.n.c.sources.URLConfigurationSource     : No URLs will be polled as dynamic configuration sources.
2017-02-25 09:37:21.732  INFO 16596 --- [main] c.n.c.sources.URLConfigurationSource     : To enable URLs as dynamic configuration sources, define System property archaius.configurationSource.additionalUrls or make config.properties available on classpath.
2017-02-25 09:37:21.740  INFO 16596 --- [main] c.netflix.config.DynamicPropertyFactory  : DynamicPropertyFactory is initialized with configuration sources: com.netflix.config.ConcurrentCompositeConfiguration@129ff44
2017-02-25 09:37:22.074  INFO 16596 --- [main] o.s.b.w.servlet.ServletRegistrationBean  : Mapping servlet: 'zuulServlet' to [/zuul/*]
2017-02-25 09:37:22.076  INFO 16596 --- [main] o.s.b.w.servlet.ServletRegistrationBean  : Mapping servlet: 'dispatcherServlet' to [/]
2017-02-25 09:37:22.077  INFO 16596 --- [main] o.s.b.w.servlet.FilterRegistrationBean   : Mapping filter: 'metricsFilter' to: [/*]
2017-02-25 09:37:22.077  INFO 16596 --- [main] o.s.b.w.servlet.FilterRegistrationBean   : Mapping filter: 'characterEncodingFilter' to: [/*]
2017-02-25 09:37:22.077  INFO 16596 --- [main] o.s.b.w.servlet.FilterRegistrationBean   : Mapping filter: 'hiddenHttpMethodFilter' to: [/*]
2017-02-25 09:37:22.077  INFO 16596 --- [main] o.s.b.w.servlet.FilterRegistrationBean   : Mapping filter: 'httpPutFormContentFilter' to: [/*]
2017-02-25 09:37:22.078  INFO 16596 --- [main] o.s.b.w.servlet.FilterRegistrationBean   : Mapping filter: 'requestContextFilter' to: [/*]
2017-02-25 09:37:22.078  INFO 16596 --- [main] o.s.b.w.servlet.FilterRegistrationBean   : Mapping filter: 'webRequestLoggingFilter' to: [/*]
2017-02-25 09:37:22.078  INFO 16596 --- [main] o.s.b.w.servlet.FilterRegistrationBean   : Mapping filter: 'applicationContextIdFilter' to: [/*]
2017-02-25 09:37:22.333  INFO 16596 --- [main] o.s.c.n.zuul.ZuulFilterInitializer       : Starting filter initializer context listener
2017-02-25 09:37:22.336  INFO 16596 --- [main] o.e.jetty.server.handler.ContextHandler  : Started o.s.b.c.e.j.JettyEmbeddedWebAppContext@a0d5e{/,file:///C:/Users/john/AppData/Local/Temp/jetty-docbase.1881361599002310777.9000/,AVAILABLE}
2017-02-25 09:37:22.337  INFO 16596 --- [main] org.eclipse.jetty.server.Server          : Started @6275ms
2017-02-25 09:37:23.739  INFO 16596 --- [main] s.w.s.m.m.a.RequestMappingHandlerAdapter : Looking for @ControllerAdvice: org.springframework.boot.context.embedded.AnnotationConfigEmbeddedWebApplicationContext@6f0da3: startup date [Sat Feb 25 09:37:18 CST 2017]; parent: org.springframework.context.annotation.AnnotationConfigApplicationContext@1197a46
2017-02-25 09:37:23.931  INFO 16596 --- [main] s.w.s.m.m.a.RequestMappingHandlerMapping : Mapped "{[/error]}" onto public org.springframework.http.ResponseEntity<java.util.Map<java.lang.String, java.lang.Object>> org.springframework.boot.autoconfigure.web.BasicErrorController.error(javax.servlet.http.HttpServletRequest)
2017-02-25 09:37:23.932  INFO 16596 --- [main] s.w.s.m.m.a.RequestMappingHandlerMapping : Mapped "{[/error],produces=[text/html]}" onto public org.springframework.web.servlet.ModelAndView org.springframework.boot.autoconfigure.web.BasicErrorController.errorHtml(javax.servlet.http.HttpServletRequest,javax.servlet.http.HttpServletResponse)
2017-02-25 09:37:24.037  INFO 16596 --- [main] o.s.w.s.handler.SimpleUrlHandlerMapping  : Mapped URL path [/webjars/**] onto handler of type [class org.springframework.web.servlet.resource.ResourceHttpRequestHandler]
2017-02-25 09:37:24.037  INFO 16596 --- [main] o.s.w.s.handler.SimpleUrlHandlerMapping  : Mapped URL path [/**] onto handler of type [class org.springframework.web.servlet.resource.ResourceHttpRequestHandler]
2017-02-25 09:37:24.120  INFO 16596 --- [main] o.s.w.s.handler.SimpleUrlHandlerMapping  : Mapped URL path [/**/favicon.ico] onto handler of type [class org.springframework.web.servlet.resource.ResourceHttpRequestHandler]
2017-02-25 09:37:25.049  INFO 16596 --- [main] o.s.b.a.e.mvc.EndpointHandlerMapping     : Mapped "{[/auditevents || /auditevents.json],methods=[GET],produces=[application/vnd.spring-boot.actuator.v1+json || application/json]}" onto public org.springframework.http.ResponseEntity<?> org.springframework.boot.actuate.endpoint.mvc.AuditEventsMvcEndpoint.findByPrincipalAndAfterAndType(java.lang.String,java.util.Date,java.lang.String)
2017-02-25 09:37:25.049  INFO 16596 --- [main] o.s.b.a.e.mvc.EndpointHandlerMapping     : Mapped "{[/logfile || /logfile.json],methods=[GET || HEAD]}" onto public void org.springframework.boot.actuate.endpoint.mvc.LogFileMvcEndpoint.invoke(javax.servlet.http.HttpServletRequest,javax.servlet.http.HttpServletResponse) throws javax.servlet.ServletException,java.io.IOException
2017-02-25 09:37:25.051  INFO 16596 --- [main] o.s.b.a.e.mvc.EndpointHandlerMapping     : Mapped "{[/info || /info.json],methods=[GET],produces=[application/vnd.spring-boot.actuator.v1+json || application/json]}" onto public java.lang.Object org.springframework.boot.actuate.endpoint.mvc.EndpointMvcAdapter.invoke()
2017-02-25 09:37:25.051  INFO 16596 --- [main] o.s.b.a.e.mvc.EndpointHandlerMapping     : Mapped "{[/resume || /resume.json],methods=[POST]}" onto public java.lang.Object org.springframework.cloud.endpoint.GenericPostableMvcEndpoint.invoke()
2017-02-25 09:37:25.052  INFO 16596 --- [main] o.s.b.a.e.mvc.EndpointHandlerMapping     : Mapped "{[/routes || /routes.json],methods=[POST]}" onto public java.util.Map<java.lang.String, java.lang.String> org.springframework.cloud.netflix.zuul.RoutesEndpoint.reset()
2017-02-25 09:37:25.052  INFO 16596 --- [main] o.s.b.a.e.mvc.EndpointHandlerMapping     : Mapped "{[/routes || /routes.json],methods=[GET]}" onto public java.util.Map<java.lang.String, java.lang.String> org.springframework.cloud.netflix.zuul.RoutesEndpoint.getRoutes()
2017-02-25 09:37:25.053  INFO 16596 --- [main] o.s.b.a.e.mvc.EndpointHandlerMapping     : Mapped "{[/trace || /trace.json],methods=[GET],produces=[application/vnd.spring-boot.actuator.v1+json || application/json]}" onto public java.lang.Object org.springframework.boot.actuate.endpoint.mvc.EndpointMvcAdapter.invoke()
2017-02-25 09:37:25.054  INFO 16596 --- [main] o.s.b.a.e.mvc.EndpointHandlerMapping     : Mapped "{[/archaius || /archaius.json],methods=[GET],produces=[application/vnd.spring-boot.actuator.v1+json || application/json]}" onto public java.lang.Object org.springframework.boot.actuate.endpoint.mvc.EndpointMvcAdapter.invoke()
2017-02-25 09:37:25.055  INFO 16596 --- [main] o.s.b.a.e.mvc.EndpointHandlerMapping     : Mapped "{[/autoconfig || /autoconfig.json],methods=[GET],produces=[application/vnd.spring-boot.actuator.v1+json || application/json]}" onto public java.lang.Object org.springframework.boot.actuate.endpoint.mvc.EndpointMvcAdapter.invoke()
2017-02-25 09:37:25.056  INFO 16596 --- [main] o.s.b.a.e.mvc.EndpointHandlerMapping     : Mapped "{[/refresh || /refresh.json],methods=[POST]}" onto public java.lang.Object org.springframework.cloud.endpoint.GenericPostableMvcEndpoint.invoke()
2017-02-25 09:37:25.057  INFO 16596 --- [main] o.s.b.a.e.mvc.EndpointHandlerMapping     : Mapped "{[/env],methods=[POST]}" onto public java.lang.Object org.springframework.cloud.context.environment.EnvironmentManagerMvcEndpoint.value(java.util.Map<java.lang.String, java.lang.String>)
2017-02-25 09:37:25.057  INFO 16596 --- [main] o.s.b.a.e.mvc.EndpointHandlerMapping     : Mapped "{[/env/reset],methods=[POST]}" onto public java.util.Map<java.lang.String, java.lang.Object> org.springframework.cloud.context.environment.EnvironmentManagerMvcEndpoint.reset()
2017-02-25 09:37:25.058  INFO 16596 --- [main] o.s.b.a.e.mvc.EndpointHandlerMapping     : Mapped "{[/heapdump || /heapdump.json],methods=[GET],produces=[application/octet-stream]}" onto public void org.springframework.boot.actuate.endpoint.mvc.HeapdumpMvcEndpoint.invoke(boolean,javax.servlet.http.HttpServletRequest,javax.servlet.http.HttpServletResponse) throws java.io.IOException,javax.servlet.ServletException
2017-02-25 09:37:25.059  INFO 16596 --- [main] o.s.b.a.e.mvc.EndpointHandlerMapping     : Mapped "{[/loggers/{name:.*}],methods=[GET],produces=[application/vnd.spring-boot.actuator.v1+json || application/json]}" onto public java.lang.Object org.springframework.boot.actuate.endpoint.mvc.LoggersMvcEndpoint.get(java.lang.String)
2017-02-25 09:37:25.060  INFO 16596 --- [main] o.s.b.a.e.mvc.EndpointHandlerMapping     : Mapped "{[/loggers/{name:.*}],methods=[POST],consumes=[application/vnd.spring-boot.actuator.v1+json || application/json],produces=[application/vnd.spring-boot.actuator.v1+json || application/json]}" onto public java.lang.Object org.springframework.boot.actuate.endpoint.mvc.LoggersMvcEndpoint.set(java.lang.String,java.util.Map<java.lang.String, java.lang.String>)
2017-02-25 09:37:25.060  INFO 16596 --- [main] o.s.b.a.e.mvc.EndpointHandlerMapping     : Mapped "{[/loggers || /loggers.json],methods=[GET],produces=[application/vnd.spring-boot.actuator.v1+json || application/json]}" onto public java.lang.Object org.springframework.boot.actuate.endpoint.mvc.EndpointMvcAdapter.invoke()
2017-02-25 09:37:25.062  INFO 16596 --- [main] o.s.b.a.e.mvc.EndpointHandlerMapping     : Mapped "{[/env/{name:.*}],methods=[GET],produces=[application/vnd.spring-boot.actuator.v1+json || application/json]}" onto public java.lang.Object org.springframework.boot.actuate.endpoint.mvc.EnvironmentMvcEndpoint.value(java.lang.String)
2017-02-25 09:37:25.062  INFO 16596 --- [main] o.s.b.a.e.mvc.EndpointHandlerMapping     : Mapped "{[/env || /env.json],methods=[GET],produces=[application/vnd.spring-boot.actuator.v1+json || application/json]}" onto public java.lang.Object org.springframework.boot.actuate.endpoint.mvc.EndpointMvcAdapter.invoke()
2017-02-25 09:37:25.063  INFO 16596 --- [main] o.s.b.a.e.mvc.EndpointHandlerMapping     : Mapped "{[/mappings || /mappings.json],methods=[GET],produces=[application/vnd.spring-boot.actuator.v1+json || application/json]}" onto public java.lang.Object org.springframework.boot.actuate.endpoint.mvc.EndpointMvcAdapter.invoke()
2017-02-25 09:37:25.064  INFO 16596 --- [main] o.s.b.a.e.mvc.EndpointHandlerMapping     : Mapped "{[/restart || /restart.json],methods=[POST]}" onto public java.lang.Object org.springframework.cloud.context.restart.RestartMvcEndpoint.invoke()
2017-02-25 09:37:25.065  INFO 16596 --- [main] o.s.b.a.e.mvc.EndpointHandlerMapping     : Mapped "{[/features || /features.json],methods=[GET],produces=[application/vnd.spring-boot.actuator.v1+json || application/json]}" onto public java.lang.Object org.springframework.boot.actuate.endpoint.mvc.EndpointMvcAdapter.invoke()
2017-02-25 09:37:25.065  INFO 16596 --- [main] o.s.b.a.e.mvc.EndpointHandlerMapping     : Mapped "{[/pause || /pause.json],methods=[POST]}" onto public java.lang.Object org.springframework.cloud.endpoint.GenericPostableMvcEndpoint.invoke()
2017-02-25 09:37:25.066  INFO 16596 --- [main] o.s.b.a.e.mvc.EndpointHandlerMapping     : Mapped "{[/service-registry/instance-status],methods=[GET]}" onto public org.springframework.http.ResponseEntity org.springframework.cloud.client.serviceregistry.endpoint.ServiceRegistryEndpoint.getStatus()
2017-02-25 09:37:25.066  INFO 16596 --- [main] o.s.b.a.e.mvc.EndpointHandlerMapping     : Mapped "{[/service-registry/instance-status],methods=[POST]}" onto public org.springframework.http.ResponseEntity<?> org.springframework.cloud.client.serviceregistry.endpoint.ServiceRegistryEndpoint.setStatus(java.lang.String)
2017-02-25 09:37:25.066  INFO 16596 --- [main] o.s.b.a.e.mvc.EndpointHandlerMapping     : Mapped "{[/health || /health.json],methods=[GET],produces=[application/vnd.spring-boot.actuator.v1+json || application/json]}" onto public java.lang.Object org.springframework.boot.actuate.endpoint.mvc.HealthMvcEndpoint.invoke(javax.servlet.http.HttpServletRequest)
2017-02-25 09:37:25.067  INFO 16596 --- [main] o.s.b.a.e.mvc.EndpointHandlerMapping     : Mapped "{[/beans || /beans.json],methods=[GET],produces=[application/vnd.spring-boot.actuator.v1+json || application/json]}" onto public java.lang.Object org.springframework.boot.actuate.endpoint.mvc.EndpointMvcAdapter.invoke()
2017-02-25 09:37:25.067  INFO 16596 --- [main] o.s.b.a.e.mvc.EndpointHandlerMapping     : Mapped "{[/metrics/{name:.*}],methods=[GET],produces=[application/vnd.spring-boot.actuator.v1+json || application/json]}" onto public java.lang.Object org.springframework.boot.actuate.endpoint.mvc.MetricsMvcEndpoint.value(java.lang.String)
2017-02-25 09:37:25.067  INFO 16596 --- [main] o.s.b.a.e.mvc.EndpointHandlerMapping     : Mapped "{[/metrics || /metrics.json],methods=[GET],produces=[application/vnd.spring-boot.actuator.v1+json || application/json]}" onto public java.lang.Object org.springframework.boot.actuate.endpoint.mvc.EndpointMvcAdapter.invoke()
2017-02-25 09:37:25.068  INFO 16596 --- [main] o.s.b.a.e.mvc.EndpointHandlerMapping     : Mapped "{[/hystrix.stream/**]}" onto public org.springframework.web.servlet.ModelAndView org.springframework.cloud.netflix.endpoint.ServletWrappingEndpoint.handle(javax.servlet.http.HttpServletRequest,javax.servlet.http.HttpServletResponse) throws java.lang.Exception
2017-02-25 09:37:25.068  INFO 16596 --- [main] o.s.b.a.e.mvc.EndpointHandlerMapping     : Mapped "{[/configprops || /configprops.json],methods=[GET],produces=[application/vnd.spring-boot.actuator.v1+json || application/json]}" onto public java.lang.Object org.springframework.boot.actuate.endpoint.mvc.EndpointMvcAdapter.invoke()
2017-02-25 09:37:25.069  INFO 16596 --- [main] o.s.b.a.e.mvc.EndpointHandlerMapping     : Mapped "{[/dump || /dump.json],methods=[GET],produces=[application/vnd.spring-boot.actuator.v1+json || application/json]}" onto public java.lang.Object org.springframework.boot.actuate.endpoint.mvc.EndpointMvcAdapter.invoke()
2017-02-25 09:37:25.260  INFO 16596 --- [main] o.s.ui.freemarker.SpringTemplateLoader   : SpringTemplateLoader for FreeMarker: using resource loader [org.springframework.boot.context.embedded.AnnotationConfigEmbeddedWebApplicationContext@6f0da3: startup date [Sat Feb 25 09:37:18 CST 2017]; parent: org.springframework.context.annotation.AnnotationConfigApplicationContext@1197a46] and template loader path [classpath:/templates/]
2017-02-25 09:37:25.262  INFO 16596 --- [main] o.s.w.s.v.f.FreeMarkerConfigurer         : ClassTemplateLoader for Spring macros added to FreeMarker configuration
2017-02-25 09:37:25.704  WARN 16596 --- [main] c.n.c.sources.URLConfigurationSource     : No URLs will be polled as dynamic configuration sources.
2017-02-25 09:37:25.704  INFO 16596 --- [main] c.n.c.sources.URLConfigurationSource     : To enable URLs as dynamic configuration sources, define System property archaius.configurationSource.additionalUrls or make config.properties available on classpath.
2017-02-25 09:37:25.839  INFO 16596 --- [main] o.s.j.e.a.AnnotationMBeanExporter        : Registering beans for JMX exposure on startup
2017-02-25 09:37:25.849  INFO 16596 --- [main] o.s.j.e.a.AnnotationMBeanExporter        : Bean with name 'zuulEndpoint' has been autodetected for JMX exposure
2017-02-25 09:37:25.850  INFO 16596 --- [main] o.s.j.e.a.AnnotationMBeanExporter        : Bean with name 'refreshScope' has been autodetected for JMX exposure
2017-02-25 09:37:25.852  INFO 16596 --- [main] o.s.j.e.a.AnnotationMBeanExporter        : Bean with name 'environmentManager' has been autodetected for JMX exposure
2017-02-25 09:37:25.854  INFO 16596 --- [main] o.s.j.e.a.AnnotationMBeanExporter        : Bean with name 'configurationPropertiesRebinder' has been autodetected for JMX exposure
2017-02-25 09:37:25.855  INFO 16596 --- [main] o.s.j.e.a.AnnotationMBeanExporter        : Bean with name 'refreshEndpoint' has been autodetected for JMX exposure
2017-02-25 09:37:25.855  INFO 16596 --- [main] o.s.j.e.a.AnnotationMBeanExporter        : Bean with name 'restartEndpoint' has been autodetected for JMX exposure
2017-02-25 09:37:25.856  INFO 16596 --- [main] o.s.j.e.a.AnnotationMBeanExporter        : Bean with name 'serviceRegistryEndpoint' has been autodetected for JMX exposure
2017-02-25 09:37:25.858  INFO 16596 --- [main] o.s.j.e.a.AnnotationMBeanExporter        : Located managed bean 'environmentManager': registering with JMX server as MBean [org.springframework.cloud.context.environment:name=environmentManager,type=EnvironmentManager]
2017-02-25 09:37:25.870  INFO 16596 --- [main] o.s.j.e.a.AnnotationMBeanExporter        : Located managed bean 'restartEndpoint': registering with JMX server as MBean [org.springframework.cloud.context.restart:name=restartEndpoint,type=RestartEndpoint]
2017-02-25 09:37:25.880  INFO 16596 --- [main] o.s.j.e.a.AnnotationMBeanExporter        : Located managed bean 'serviceRegistryEndpoint': registering with JMX server as MBean [org.springframework.cloud.client.serviceregistry.endpoint:name=serviceRegistryEndpoint,type=ServiceRegistryEndpoint]
2017-02-25 09:37:25.887  INFO 16596 --- [main] o.s.j.e.a.AnnotationMBeanExporter        : Located managed bean 'refreshScope': registering with JMX server as MBean [org.springframework.cloud.context.scope.refresh:name=refreshScope,type=RefreshScope]
2017-02-25 09:37:25.897  INFO 16596 --- [main] o.s.j.e.a.AnnotationMBeanExporter        : Located managed bean 'zuulEndpoint': registering with JMX server as MBean [org.springframework.cloud.netflix.zuul:name=zuulEndpoint,type=RoutesEndpoint]
2017-02-25 09:37:25.901  INFO 16596 --- [main] o.s.j.e.a.AnnotationMBeanExporter        : Located managed bean 'configurationPropertiesRebinder': registering with JMX server as MBean [org.springframework.cloud.context.properties:name=configurationPropertiesRebinder,context=6f0da3,type=ConfigurationPropertiesRebinder]
2017-02-25 09:37:25.905  INFO 16596 --- [main] o.s.j.e.a.AnnotationMBeanExporter        : Located managed bean 'refreshEndpoint': registering with JMX server as MBean [org.springframework.cloud.endpoint:name=refreshEndpoint,type=RefreshEndpoint]
2017-02-25 09:37:26.103  INFO 16596 --- [main] o.s.c.support.DefaultLifecycleProcessor  : Starting beans in phase 0
2017-02-25 09:37:26.112  INFO 16596 --- [main] o.s.c.n.eureka.InstanceInfoFactory       : Setting initial instance status as: STARTING
2017-02-25 09:37:26.174  INFO 16596 --- [main] com.netflix.discovery.DiscoveryClient    : Initializing Eureka in region us-east-1
2017-02-25 09:37:26.246  INFO 16596 --- [main] c.n.d.provider.DiscoveryJerseyProvider   : Using JSON encoding codec LegacyJacksonJson
2017-02-25 09:37:26.246  INFO 16596 --- [main] c.n.d.provider.DiscoveryJerseyProvider   : Using JSON decoding codec LegacyJacksonJson
2017-02-25 09:37:26.380  INFO 16596 --- [main] c.n.d.provider.DiscoveryJerseyProvider   : Using XML encoding codec XStreamXml
2017-02-25 09:37:26.381  INFO 16596 --- [main] c.n.d.provider.DiscoveryJerseyProvider   : Using XML decoding codec XStreamXml
2017-02-25 09:37:26.567  INFO 16596 --- [main] c.n.d.s.r.aws.ConfigClusterResolver      : Resolving eureka endpoints via configuration
2017-02-25 09:37:26.641  INFO 16596 --- [main] com.netflix.discovery.DiscoveryClient    : Disable delta property : false
2017-02-25 09:37:26.641  INFO 16596 --- [main] com.netflix.discovery.DiscoveryClient    : Single vip registry refresh property : null
2017-02-25 09:37:26.641  INFO 16596 --- [main] com.netflix.discovery.DiscoveryClient    : Force full registry fetch : false
2017-02-25 09:37:26.641  INFO 16596 --- [main] com.netflix.discovery.DiscoveryClient    : Application is null : false
2017-02-25 09:37:26.641  INFO 16596 --- [main] com.netflix.discovery.DiscoveryClient    : Registered Applications size is zero : true
2017-02-25 09:37:26.641  INFO 16596 --- [main] com.netflix.discovery.DiscoveryClient    : Application version is -1: true
2017-02-25 09:37:26.641  INFO 16596 --- [main] com.netflix.discovery.DiscoveryClient    : Getting all instance registry info from the eureka server
2017-02-25 09:37:26.804  INFO 16596 --- [main] com.netflix.discovery.DiscoveryClient    : The response status is 200
2017-02-25 09:37:26.806  INFO 16596 --- [main] com.netflix.discovery.DiscoveryClient    : Starting heartbeat executor: renew interval is: 30
2017-02-25 09:37:26.810  INFO 16596 --- [main] c.n.discovery.InstanceInfoReplicator     : InstanceInfoReplicator onDemand update allowed rate per min is 4
2017-02-25 09:37:26.812  INFO 16596 --- [main] com.netflix.discovery.DiscoveryClient    : Discovery Client initialized at timestamp 1487986646812 with initial instances count: 3
2017-02-25 09:37:26.909  INFO 16596 --- [main] o.s.c.n.e.s.EurekaServiceRegistry        : Registering application api-gateway with eureka with status UP
2017-02-25 09:37:26.909  INFO 16596 --- [main] com.netflix.discovery.DiscoveryClient    : Saw local status change event StatusChangeEvent [timestamp=1487986646909, current=UP, previous=STARTING]
2017-02-25 09:37:26.911  INFO 16596 --- [DiscoveryClient-InstanceInfoReplicator-0] com.netflix.discovery.DiscoveryClient    : DiscoveryClient_API-GATEWAY/DESKTOP-GTCTV3N.mshome.net:api-gateway:9000: registering service...
2017-02-25 09:37:26.956  INFO 16596 --- [DiscoveryClient-InstanceInfoReplicator-0] com.netflix.discovery.DiscoveryClient    : DiscoveryClient_API-GATEWAY/DESKTOP-GTCTV3N.mshome.net:api-gateway:9000 - registration status: 204
2017-02-25 09:37:26.981  INFO 16596 --- [main] o.s.c.support.DefaultLifecycleProcessor  : Starting beans in phase 2147483647
2017-02-25 09:37:26.986  INFO 16596 --- [main] ration$HystrixMetricsPollerConfiguration : Starting poller
2017-02-25 09:37:27.008  INFO 16596 --- [main] application                              : Initializing Spring FrameworkServlet 'dispatcherServlet'
2017-02-25 09:37:27.009  INFO 16596 --- [main] o.s.web.servlet.DispatcherServlet        : FrameworkServlet 'dispatcherServlet': initialization started
2017-02-25 09:37:27.045  INFO 16596 --- [main] o.s.web.servlet.DispatcherServlet        : FrameworkServlet 'dispatcherServlet': initialization completed in 36 ms
2017-02-25 09:37:27.059  INFO 16596 --- [main] o.e.jetty.server.AbstractConnector       : Started ServerConnector@1346a64{HTTP/1.1,[http/1.1]}{0.0.0.0:9000}
2017-02-25 09:37:27.060  INFO 16596 --- [main] .s.b.c.e.j.JettyEmbeddedServletContainer : Jetty started on port(s) 9000 (http/1.1)
2017-02-25 09:37:27.061  INFO 16596 --- [main] .s.c.n.e.s.EurekaAutoServiceRegistration : Updating port to 9000
2017-02-25 09:37:27.065  INFO 16596 --- [main] c.l.startup.ZuulServerApplication        : Started ZuulServerApplication in 10.332 seconds (JVM running for 11.003)
2017-02-25 09:38:59.884  INFO 17868 --- [main] c.l.startup.ZuulServerApplication        : No active profile set, falling back to default profiles: default
2017-02-25 09:38:59.908  INFO 17868 --- [main] ationConfigEmbeddedWebApplicationContext : Refreshing org.springframework.boot.context.embedded.AnnotationConfigEmbeddedWebApplicationContext@6f0da3: startup date [Sat Feb 25 09:38:59 CST 2017]; parent: org.springframework.context.annotation.AnnotationConfigApplicationContext@1197a46
2017-02-25 09:39:01.014  WARN 17868 --- [main] o.s.c.a.ConfigurationClassPostProcessor  : Cannot enhance @Configuration bean definition 'refreshScope' since its singleton instance has been created too early. The typical cause is a non-static @Bean method with a BeanDefinitionRegistryPostProcessor return type: Consider declaring such methods as 'static'.
2017-02-25 09:39:01.195  INFO 17868 --- [main] o.s.cloud.context.scope.GenericScope     : BeanFactory id=2abd8dcf-1ab9-3e46-b4d9-de91f039c22c
2017-02-25 09:39:01.223  INFO 17868 --- [main] f.a.AutowiredAnnotationBeanPostProcessor : JSR-330 'javax.inject.Inject' annotation found and supported for autowiring
2017-02-25 09:39:01.272  INFO 17868 --- [main] trationDelegate$BeanPostProcessorChecker : Bean 'org.springframework.boot.autoconfigure.validation.ValidationAutoConfiguration' of type [class org.springframework.boot.autoconfigure.validation.ValidationAutoConfiguration] is not eligible for getting processed by all BeanPostProcessors (for example: not eligible for auto-proxying)
2017-02-25 09:39:01.300  INFO 17868 --- [main] trationDelegate$BeanPostProcessorChecker : Bean 'validator' of type [class org.springframework.validation.beanvalidation.LocalValidatorFactoryBean] is not eligible for getting processed by all BeanPostProcessors (for example: not eligible for auto-proxying)
2017-02-25 09:39:01.768  INFO 17868 --- [main] trationDelegate$BeanPostProcessorChecker : Bean 'org.springframework.cloud.autoconfigure.ConfigurationPropertiesRebinderAutoConfiguration' of type [class org.springframework.cloud.autoconfigure.ConfigurationPropertiesRebinderAutoConfiguration$$EnhancerBySpringCGLIB$$99de9c01] is not eligible for getting processed by all BeanPostProcessors (for example: not eligible for auto-proxying)
2017-02-25 09:39:02.097  INFO 17868 --- [main] org.eclipse.jetty.util.log               : Logging initialized @4498ms to org.eclipse.jetty.util.log.Slf4jLog
2017-02-25 09:39:02.244  INFO 17868 --- [main] e.j.JettyEmbeddedServletContainerFactory : Server initialized with port: 9000
2017-02-25 09:39:02.245  INFO 17868 --- [main] org.eclipse.jetty.server.Server          : jetty-9.4.1.v20170120
2017-02-25 09:39:02.350  INFO 17868 --- [main] org.eclipse.jetty.server.session         : DefaultSessionIdManager workerName=node0
2017-02-25 09:39:02.350  INFO 17868 --- [main] org.eclipse.jetty.server.session         : No SessionScavenger set, using defaults
2017-02-25 09:39:02.352  INFO 17868 --- [main] org.eclipse.jetty.server.session         : Scavenging every 600000ms
2017-02-25 09:39:02.358  INFO 17868 --- [main] application                              : Initializing Spring embedded WebApplicationContext
2017-02-25 09:39:02.358  INFO 17868 --- [main] o.s.web.context.ContextLoader            : Root WebApplicationContext: initialization completed in 2450 ms
2017-02-25 09:39:03.428  WARN 17868 --- [main] c.n.c.sources.URLConfigurationSource     : No URLs will be polled as dynamic configuration sources.
2017-02-25 09:39:03.428  INFO 17868 --- [main] c.n.c.sources.URLConfigurationSource     : To enable URLs as dynamic configuration sources, define System property archaius.configurationSource.additionalUrls or make config.properties available on classpath.
2017-02-25 09:39:03.438  INFO 17868 --- [main] c.netflix.config.DynamicPropertyFactory  : DynamicPropertyFactory is initialized with configuration sources: com.netflix.config.ConcurrentCompositeConfiguration@1770b37
2017-02-25 09:39:03.761  INFO 17868 --- [main] o.s.b.w.servlet.ServletRegistrationBean  : Mapping servlet: 'zuulServlet' to [/zuul/*]
2017-02-25 09:39:03.763  INFO 17868 --- [main] o.s.b.w.servlet.ServletRegistrationBean  : Mapping servlet: 'dispatcherServlet' to [/]
2017-02-25 09:39:03.764  INFO 17868 --- [main] o.s.b.w.servlet.FilterRegistrationBean   : Mapping filter: 'metricsFilter' to: [/*]
2017-02-25 09:39:03.764  INFO 17868 --- [main] o.s.b.w.servlet.FilterRegistrationBean   : Mapping filter: 'characterEncodingFilter' to: [/*]
2017-02-25 09:39:03.764  INFO 17868 --- [main] o.s.b.w.servlet.FilterRegistrationBean   : Mapping filter: 'hiddenHttpMethodFilter' to: [/*]
2017-02-25 09:39:03.764  INFO 17868 --- [main] o.s.b.w.servlet.FilterRegistrationBean   : Mapping filter: 'httpPutFormContentFilter' to: [/*]
2017-02-25 09:39:03.764  INFO 17868 --- [main] o.s.b.w.servlet.FilterRegistrationBean   : Mapping filter: 'requestContextFilter' to: [/*]
2017-02-25 09:39:03.765  INFO 17868 --- [main] o.s.b.w.servlet.FilterRegistrationBean   : Mapping filter: 'webRequestLoggingFilter' to: [/*]
2017-02-25 09:39:03.765  INFO 17868 --- [main] o.s.b.w.servlet.FilterRegistrationBean   : Mapping filter: 'applicationContextIdFilter' to: [/*]
2017-02-25 09:39:04.022  INFO 17868 --- [main] o.s.c.n.zuul.ZuulFilterInitializer       : Starting filter initializer context listener
2017-02-25 09:39:04.026  INFO 17868 --- [main] o.e.jetty.server.handler.ContextHandler  : Started o.s.b.c.e.j.JettyEmbeddedWebAppContext@1081b5d{/,file:///C:/Users/john/AppData/Local/Temp/jetty-docbase.7855030097212413730.9000/,AVAILABLE}
2017-02-25 09:39:04.026  INFO 17868 --- [main] org.eclipse.jetty.server.Server          : Started @6427ms
2017-02-25 09:39:05.439  INFO 17868 --- [main] s.w.s.m.m.a.RequestMappingHandlerAdapter : Looking for @ControllerAdvice: org.springframework.boot.context.embedded.AnnotationConfigEmbeddedWebApplicationContext@6f0da3: startup date [Sat Feb 25 09:38:59 CST 2017]; parent: org.springframework.context.annotation.AnnotationConfigApplicationContext@1197a46
2017-02-25 09:39:05.643  INFO 17868 --- [main] s.w.s.m.m.a.RequestMappingHandlerMapping : Mapped "{[/error]}" onto public org.springframework.http.ResponseEntity<java.util.Map<java.lang.String, java.lang.Object>> org.springframework.boot.autoconfigure.web.BasicErrorController.error(javax.servlet.http.HttpServletRequest)
2017-02-25 09:39:05.644  INFO 17868 --- [main] s.w.s.m.m.a.RequestMappingHandlerMapping : Mapped "{[/error],produces=[text/html]}" onto public org.springframework.web.servlet.ModelAndView org.springframework.boot.autoconfigure.web.BasicErrorController.errorHtml(javax.servlet.http.HttpServletRequest,javax.servlet.http.HttpServletResponse)
2017-02-25 09:39:05.814  INFO 17868 --- [main] o.s.w.s.handler.SimpleUrlHandlerMapping  : Mapped URL path [/webjars/**] onto handler of type [class org.springframework.web.servlet.resource.ResourceHttpRequestHandler]
2017-02-25 09:39:05.814  INFO 17868 --- [main] o.s.w.s.handler.SimpleUrlHandlerMapping  : Mapped URL path [/**] onto handler of type [class org.springframework.web.servlet.resource.ResourceHttpRequestHandler]
2017-02-25 09:39:05.905  INFO 17868 --- [main] o.s.w.s.handler.SimpleUrlHandlerMapping  : Mapped URL path [/**/favicon.ico] onto handler of type [class org.springframework.web.servlet.resource.ResourceHttpRequestHandler]
2017-02-25 09:39:06.879  INFO 17868 --- [main] o.s.b.a.e.mvc.EndpointHandlerMapping     : Mapped "{[/refresh || /refresh.json],methods=[POST]}" onto public java.lang.Object org.springframework.cloud.endpoint.GenericPostableMvcEndpoint.invoke()
2017-02-25 09:39:06.880  INFO 17868 --- [main] o.s.b.a.e.mvc.EndpointHandlerMapping     : Mapped "{[/auditevents || /auditevents.json],methods=[GET],produces=[application/vnd.spring-boot.actuator.v1+json || application/json]}" onto public org.springframework.http.ResponseEntity<?> org.springframework.boot.actuate.endpoint.mvc.AuditEventsMvcEndpoint.findByPrincipalAndAfterAndType(java.lang.String,java.util.Date,java.lang.String)
2017-02-25 09:39:06.880  INFO 17868 --- [main] o.s.b.a.e.mvc.EndpointHandlerMapping     : Mapped "{[/hystrix.stream/**]}" onto public org.springframework.web.servlet.ModelAndView org.springframework.cloud.netflix.endpoint.ServletWrappingEndpoint.handle(javax.servlet.http.HttpServletRequest,javax.servlet.http.HttpServletResponse) throws java.lang.Exception
2017-02-25 09:39:06.881  INFO 17868 --- [main] o.s.b.a.e.mvc.EndpointHandlerMapping     : Mapped "{[/dump || /dump.json],methods=[GET],produces=[application/vnd.spring-boot.actuator.v1+json || application/json]}" onto public java.lang.Object org.springframework.boot.actuate.endpoint.mvc.EndpointMvcAdapter.invoke()
2017-02-25 09:39:06.881  INFO 17868 --- [main] o.s.b.a.e.mvc.EndpointHandlerMapping     : Mapped "{[/resume || /resume.json],methods=[POST]}" onto public java.lang.Object org.springframework.cloud.endpoint.GenericPostableMvcEndpoint.invoke()
2017-02-25 09:39:06.882  INFO 17868 --- [main] o.s.b.a.e.mvc.EndpointHandlerMapping     : Mapped "{[/env],methods=[POST]}" onto public java.lang.Object org.springframework.cloud.context.environment.EnvironmentManagerMvcEndpoint.value(java.util.Map<java.lang.String, java.lang.String>)
2017-02-25 09:39:06.883  INFO 17868 --- [main] o.s.b.a.e.mvc.EndpointHandlerMapping     : Mapped "{[/env/reset],methods=[POST]}" onto public java.util.Map<java.lang.String, java.lang.Object> org.springframework.cloud.context.environment.EnvironmentManagerMvcEndpoint.reset()
2017-02-25 09:39:06.884  INFO 17868 --- [main] o.s.b.a.e.mvc.EndpointHandlerMapping     : Mapped "{[/autoconfig || /autoconfig.json],methods=[GET],produces=[application/vnd.spring-boot.actuator.v1+json || application/json]}" onto public java.lang.Object org.springframework.boot.actuate.endpoint.mvc.EndpointMvcAdapter.invoke()
2017-02-25 09:39:06.885  INFO 17868 --- [main] o.s.b.a.e.mvc.EndpointHandlerMapping     : Mapped "{[/archaius || /archaius.json],methods=[GET],produces=[application/vnd.spring-boot.actuator.v1+json || application/json]}" onto public java.lang.Object org.springframework.boot.actuate.endpoint.mvc.EndpointMvcAdapter.invoke()
2017-02-25 09:39:06.886  INFO 17868 --- [main] o.s.b.a.e.mvc.EndpointHandlerMapping     : Mapped "{[/pause || /pause.json],methods=[POST]}" onto public java.lang.Object org.springframework.cloud.endpoint.GenericPostableMvcEndpoint.invoke()
2017-02-25 09:39:06.887  INFO 17868 --- [main] o.s.b.a.e.mvc.EndpointHandlerMapping     : Mapped "{[/heapdump || /heapdump.json],methods=[GET],produces=[application/octet-stream]}" onto public void org.springframework.boot.actuate.endpoint.mvc.HeapdumpMvcEndpoint.invoke(boolean,javax.servlet.http.HttpServletRequest,javax.servlet.http.HttpServletResponse) throws java.io.IOException,javax.servlet.ServletException
2017-02-25 09:39:06.888  INFO 17868 --- [main] o.s.b.a.e.mvc.EndpointHandlerMapping     : Mapped "{[/info || /info.json],methods=[GET],produces=[application/vnd.spring-boot.actuator.v1+json || application/json]}" onto public java.lang.Object org.springframework.boot.actuate.endpoint.mvc.EndpointMvcAdapter.invoke()
2017-02-25 09:39:06.888  INFO 17868 --- [main] o.s.b.a.e.mvc.EndpointHandlerMapping     : Mapped "{[/features || /features.json],methods=[GET],produces=[application/vnd.spring-boot.actuator.v1+json || application/json]}" onto public java.lang.Object org.springframework.boot.actuate.endpoint.mvc.EndpointMvcAdapter.invoke()
2017-02-25 09:39:06.889  INFO 17868 --- [main] o.s.b.a.e.mvc.EndpointHandlerMapping     : Mapped "{[/beans || /beans.json],methods=[GET],produces=[application/vnd.spring-boot.actuator.v1+json || application/json]}" onto public java.lang.Object org.springframework.boot.actuate.endpoint.mvc.EndpointMvcAdapter.invoke()
2017-02-25 09:39:06.890  INFO 17868 --- [main] o.s.b.a.e.mvc.EndpointHandlerMapping     : Mapped "{[/routes || /routes.json],methods=[POST]}" onto public java.util.Map<java.lang.String, java.lang.String> org.springframework.cloud.netflix.zuul.RoutesEndpoint.reset()
2017-02-25 09:39:06.890  INFO 17868 --- [main] o.s.b.a.e.mvc.EndpointHandlerMapping     : Mapped "{[/routes || /routes.json],methods=[GET]}" onto public java.util.Map<java.lang.String, java.lang.String> org.springframework.cloud.netflix.zuul.RoutesEndpoint.getRoutes()
2017-02-25 09:39:06.892  INFO 17868 --- [main] o.s.b.a.e.mvc.EndpointHandlerMapping     : Mapped "{[/metrics/{name:.*}],methods=[GET],produces=[application/vnd.spring-boot.actuator.v1+json || application/json]}" onto public java.lang.Object org.springframework.boot.actuate.endpoint.mvc.MetricsMvcEndpoint.value(java.lang.String)
2017-02-25 09:39:06.892  INFO 17868 --- [main] o.s.b.a.e.mvc.EndpointHandlerMapping     : Mapped "{[/metrics || /metrics.json],methods=[GET],produces=[application/vnd.spring-boot.actuator.v1+json || application/json]}" onto public java.lang.Object org.springframework.boot.actuate.endpoint.mvc.EndpointMvcAdapter.invoke()
2017-02-25 09:39:06.893  INFO 17868 --- [main] o.s.b.a.e.mvc.EndpointHandlerMapping     : Mapped "{[/trace || /trace.json],methods=[GET],produces=[application/vnd.spring-boot.actuator.v1+json || application/json]}" onto public java.lang.Object org.springframework.boot.actuate.endpoint.mvc.EndpointMvcAdapter.invoke()
2017-02-25 09:39:06.893  INFO 17868 --- [main] o.s.b.a.e.mvc.EndpointHandlerMapping     : Mapped "{[/env/{name:.*}],methods=[GET],produces=[application/vnd.spring-boot.actuator.v1+json || application/json]}" onto public java.lang.Object org.springframework.boot.actuate.endpoint.mvc.EnvironmentMvcEndpoint.value(java.lang.String)
2017-02-25 09:39:06.894  INFO 17868 --- [main] o.s.b.a.e.mvc.EndpointHandlerMapping     : Mapped "{[/env || /env.json],methods=[GET],produces=[application/vnd.spring-boot.actuator.v1+json || application/json]}" onto public java.lang.Object org.springframework.boot.actuate.endpoint.mvc.EndpointMvcAdapter.invoke()
2017-02-25 09:39:06.894  INFO 17868 --- [main] o.s.b.a.e.mvc.EndpointHandlerMapping     : Mapped "{[/health || /health.json],methods=[GET],produces=[application/vnd.spring-boot.actuator.v1+json || application/json]}" onto public java.lang.Object org.springframework.boot.actuate.endpoint.mvc.HealthMvcEndpoint.invoke(javax.servlet.http.HttpServletRequest)
2017-02-25 09:39:06.895  INFO 17868 --- [main] o.s.b.a.e.mvc.EndpointHandlerMapping     : Mapped "{[/mappings || /mappings.json],methods=[GET],produces=[application/vnd.spring-boot.actuator.v1+json || application/json]}" onto public java.lang.Object org.springframework.boot.actuate.endpoint.mvc.EndpointMvcAdapter.invoke()
2017-02-25 09:39:06.896  INFO 17868 --- [main] o.s.b.a.e.mvc.EndpointHandlerMapping     : Mapped "{[/loggers/{name:.*}],methods=[GET],produces=[application/vnd.spring-boot.actuator.v1+json || application/json]}" onto public java.lang.Object org.springframework.boot.actuate.endpoint.mvc.LoggersMvcEndpoint.get(java.lang.String)
2017-02-25 09:39:06.896  INFO 17868 --- [main] o.s.b.a.e.mvc.EndpointHandlerMapping     : Mapped "{[/loggers/{name:.*}],methods=[POST],consumes=[application/vnd.spring-boot.actuator.v1+json || application/json],produces=[application/vnd.spring-boot.actuator.v1+json || application/json]}" onto public java.lang.Object org.springframework.boot.actuate.endpoint.mvc.LoggersMvcEndpoint.set(java.lang.String,java.util.Map<java.lang.String, java.lang.String>)
2017-02-25 09:39:06.897  INFO 17868 --- [main] o.s.b.a.e.mvc.EndpointHandlerMapping     : Mapped "{[/loggers || /loggers.json],methods=[GET],produces=[application/vnd.spring-boot.actuator.v1+json || application/json]}" onto public java.lang.Object org.springframework.boot.actuate.endpoint.mvc.EndpointMvcAdapter.invoke()
2017-02-25 09:39:06.897  INFO 17868 --- [main] o.s.b.a.e.mvc.EndpointHandlerMapping     : Mapped "{[/configprops || /configprops.json],methods=[GET],produces=[application/vnd.spring-boot.actuator.v1+json || application/json]}" onto public java.lang.Object org.springframework.boot.actuate.endpoint.mvc.EndpointMvcAdapter.invoke()
2017-02-25 09:39:06.897  INFO 17868 --- [main] o.s.b.a.e.mvc.EndpointHandlerMapping     : Mapped "{[/service-registry/instance-status],methods=[GET]}" onto public org.springframework.http.ResponseEntity org.springframework.cloud.client.serviceregistry.endpoint.ServiceRegistryEndpoint.getStatus()
2017-02-25 09:39:06.898  INFO 17868 --- [main] o.s.b.a.e.mvc.EndpointHandlerMapping     : Mapped "{[/service-registry/instance-status],methods=[POST]}" onto public org.springframework.http.ResponseEntity<?> org.springframework.cloud.client.serviceregistry.endpoint.ServiceRegistryEndpoint.setStatus(java.lang.String)
2017-02-25 09:39:06.898  INFO 17868 --- [main] o.s.b.a.e.mvc.EndpointHandlerMapping     : Mapped "{[/restart || /restart.json],methods=[POST]}" onto public java.lang.Object org.springframework.cloud.context.restart.RestartMvcEndpoint.invoke()
2017-02-25 09:39:06.899  INFO 17868 --- [main] o.s.b.a.e.mvc.EndpointHandlerMapping     : Mapped "{[/logfile || /logfile.json],methods=[GET || HEAD]}" onto public void org.springframework.boot.actuate.endpoint.mvc.LogFileMvcEndpoint.invoke(javax.servlet.http.HttpServletRequest,javax.servlet.http.HttpServletResponse) throws javax.servlet.ServletException,java.io.IOException
2017-02-25 09:39:07.108  INFO 17868 --- [main] o.s.ui.freemarker.SpringTemplateLoader   : SpringTemplateLoader for FreeMarker: using resource loader [org.springframework.boot.context.embedded.AnnotationConfigEmbeddedWebApplicationContext@6f0da3: startup date [Sat Feb 25 09:38:59 CST 2017]; parent: org.springframework.context.annotation.AnnotationConfigApplicationContext@1197a46] and template loader path [classpath:/templates/]
2017-02-25 09:39:07.110  INFO 17868 --- [main] o.s.w.s.v.f.FreeMarkerConfigurer         : ClassTemplateLoader for Spring macros added to FreeMarker configuration
2017-02-25 09:39:07.551  WARN 17868 --- [main] c.n.c.sources.URLConfigurationSource     : No URLs will be polled as dynamic configuration sources.
2017-02-25 09:39:07.551  INFO 17868 --- [main] c.n.c.sources.URLConfigurationSource     : To enable URLs as dynamic configuration sources, define System property archaius.configurationSource.additionalUrls or make config.properties available on classpath.
2017-02-25 09:39:07.686  INFO 17868 --- [main] o.s.j.e.a.AnnotationMBeanExporter        : Registering beans for JMX exposure on startup
2017-02-25 09:39:07.695  INFO 17868 --- [main] o.s.j.e.a.AnnotationMBeanExporter        : Bean with name 'zuulEndpoint' has been autodetected for JMX exposure
2017-02-25 09:39:07.696  INFO 17868 --- [main] o.s.j.e.a.AnnotationMBeanExporter        : Bean with name 'refreshScope' has been autodetected for JMX exposure
2017-02-25 09:39:07.697  INFO 17868 --- [main] o.s.j.e.a.AnnotationMBeanExporter        : Bean with name 'environmentManager' has been autodetected for JMX exposure
2017-02-25 09:39:07.699  INFO 17868 --- [main] o.s.j.e.a.AnnotationMBeanExporter        : Bean with name 'configurationPropertiesRebinder' has been autodetected for JMX exposure
2017-02-25 09:39:07.701  INFO 17868 --- [main] o.s.j.e.a.AnnotationMBeanExporter        : Bean with name 'refreshEndpoint' has been autodetected for JMX exposure
2017-02-25 09:39:07.702  INFO 17868 --- [main] o.s.j.e.a.AnnotationMBeanExporter        : Bean with name 'restartEndpoint' has been autodetected for JMX exposure
2017-02-25 09:39:07.702  INFO 17868 --- [main] o.s.j.e.a.AnnotationMBeanExporter        : Bean with name 'serviceRegistryEndpoint' has been autodetected for JMX exposure
2017-02-25 09:39:07.705  INFO 17868 --- [main] o.s.j.e.a.AnnotationMBeanExporter        : Located managed bean 'environmentManager': registering with JMX server as MBean [org.springframework.cloud.context.environment:name=environmentManager,type=EnvironmentManager]
2017-02-25 09:39:07.719  INFO 17868 --- [main] o.s.j.e.a.AnnotationMBeanExporter        : Located managed bean 'restartEndpoint': registering with JMX server as MBean [org.springframework.cloud.context.restart:name=restartEndpoint,type=RestartEndpoint]
2017-02-25 09:39:07.733  INFO 17868 --- [main] o.s.j.e.a.AnnotationMBeanExporter        : Located managed bean 'serviceRegistryEndpoint': registering with JMX server as MBean [org.springframework.cloud.client.serviceregistry.endpoint:name=serviceRegistryEndpoint,type=ServiceRegistryEndpoint]
2017-02-25 09:39:07.739  INFO 17868 --- [main] o.s.j.e.a.AnnotationMBeanExporter        : Located managed bean 'refreshScope': registering with JMX server as MBean [org.springframework.cloud.context.scope.refresh:name=refreshScope,type=RefreshScope]
2017-02-25 09:39:07.756  INFO 17868 --- [main] o.s.j.e.a.AnnotationMBeanExporter        : Located managed bean 'zuulEndpoint': registering with JMX server as MBean [org.springframework.cloud.netflix.zuul:name=zuulEndpoint,type=RoutesEndpoint]
2017-02-25 09:39:07.761  INFO 17868 --- [main] o.s.j.e.a.AnnotationMBeanExporter        : Located managed bean 'configurationPropertiesRebinder': registering with JMX server as MBean [org.springframework.cloud.context.properties:name=configurationPropertiesRebinder,context=6f0da3,type=ConfigurationPropertiesRebinder]
2017-02-25 09:39:07.764  INFO 17868 --- [main] o.s.j.e.a.AnnotationMBeanExporter        : Located managed bean 'refreshEndpoint': registering with JMX server as MBean [org.springframework.cloud.endpoint:name=refreshEndpoint,type=RefreshEndpoint]
2017-02-25 09:39:07.974  INFO 17868 --- [main] o.s.c.support.DefaultLifecycleProcessor  : Starting beans in phase 0
2017-02-25 09:39:07.984  INFO 17868 --- [main] o.s.c.n.eureka.InstanceInfoFactory       : Setting initial instance status as: STARTING
2017-02-25 09:39:08.049  INFO 17868 --- [main] com.netflix.discovery.DiscoveryClient    : Initializing Eureka in region us-east-1
2017-02-25 09:39:08.113  INFO 17868 --- [main] c.n.d.provider.DiscoveryJerseyProvider   : Using JSON encoding codec LegacyJacksonJson
2017-02-25 09:39:08.113  INFO 17868 --- [main] c.n.d.provider.DiscoveryJerseyProvider   : Using JSON decoding codec LegacyJacksonJson
2017-02-25 09:39:08.252  INFO 17868 --- [main] c.n.d.provider.DiscoveryJerseyProvider   : Using XML encoding codec XStreamXml
2017-02-25 09:39:08.252  INFO 17868 --- [main] c.n.d.provider.DiscoveryJerseyProvider   : Using XML decoding codec XStreamXml
2017-02-25 09:39:08.447  INFO 17868 --- [main] c.n.d.s.r.aws.ConfigClusterResolver      : Resolving eureka endpoints via configuration
2017-02-25 09:39:08.522  INFO 17868 --- [main] com.netflix.discovery.DiscoveryClient    : Disable delta property : false
2017-02-25 09:39:08.522  INFO 17868 --- [main] com.netflix.discovery.DiscoveryClient    : Single vip registry refresh property : null
2017-02-25 09:39:08.522  INFO 17868 --- [main] com.netflix.discovery.DiscoveryClient    : Force full registry fetch : false
2017-02-25 09:39:08.522  INFO 17868 --- [main] com.netflix.discovery.DiscoveryClient    : Application is null : false
2017-02-25 09:39:08.522  INFO 17868 --- [main] com.netflix.discovery.DiscoveryClient    : Registered Applications size is zero : true
2017-02-25 09:39:08.522  INFO 17868 --- [main] com.netflix.discovery.DiscoveryClient    : Application version is -1: true
2017-02-25 09:39:08.522  INFO 17868 --- [main] com.netflix.discovery.DiscoveryClient    : Getting all instance registry info from the eureka server
2017-02-25 09:39:08.691  INFO 17868 --- [main] com.netflix.discovery.DiscoveryClient    : The response status is 200
2017-02-25 09:39:08.693  INFO 17868 --- [main] com.netflix.discovery.DiscoveryClient    : Starting heartbeat executor: renew interval is: 30
2017-02-25 09:39:08.695  INFO 17868 --- [main] c.n.discovery.InstanceInfoReplicator     : InstanceInfoReplicator onDemand update allowed rate per min is 4
2017-02-25 09:39:08.697  INFO 17868 --- [main] com.netflix.discovery.DiscoveryClient    : Discovery Client initialized at timestamp 1487986748697 with initial instances count: 3
2017-02-25 09:39:08.799  INFO 17868 --- [main] o.s.c.n.e.s.EurekaServiceRegistry        : Registering application api-gateway with eureka with status UP
2017-02-25 09:39:08.800  INFO 17868 --- [main] com.netflix.discovery.DiscoveryClient    : Saw local status change event StatusChangeEvent [timestamp=1487986748800, current=UP, previous=STARTING]
2017-02-25 09:39:08.801  INFO 17868 --- [DiscoveryClient-InstanceInfoReplicator-0] com.netflix.discovery.DiscoveryClient    : DiscoveryClient_API-GATEWAY/DESKTOP-GTCTV3N.mshome.net:api-gateway:9000: registering service...
2017-02-25 09:39:08.851  INFO 17868 --- [DiscoveryClient-InstanceInfoReplicator-0] com.netflix.discovery.DiscoveryClient    : DiscoveryClient_API-GATEWAY/DESKTOP-GTCTV3N.mshome.net:api-gateway:9000 - registration status: 204
2017-02-25 09:39:08.880  INFO 17868 --- [main] o.s.c.support.DefaultLifecycleProcessor  : Starting beans in phase 2147483647
2017-02-25 09:39:08.886  INFO 17868 --- [main] ration$HystrixMetricsPollerConfiguration : Starting poller
2017-02-25 09:39:08.907  INFO 17868 --- [main] application                              : Initializing Spring FrameworkServlet 'dispatcherServlet'
2017-02-25 09:39:08.907  INFO 17868 --- [main] o.s.web.servlet.DispatcherServlet        : FrameworkServlet 'dispatcherServlet': initialization started
2017-02-25 09:39:08.936  INFO 17868 --- [main] o.s.web.servlet.DispatcherServlet        : FrameworkServlet 'dispatcherServlet': initialization completed in 29 ms
2017-02-25 09:39:08.950  INFO 17868 --- [main] o.e.jetty.server.AbstractConnector       : Started ServerConnector@1d9479c{HTTP/1.1,[http/1.1]}{0.0.0.0:9000}
2017-02-25 09:39:08.951  INFO 17868 --- [main] .s.b.c.e.j.JettyEmbeddedServletContainer : Jetty started on port(s) 9000 (http/1.1)
2017-02-25 09:39:08.952  INFO 17868 --- [main] .s.c.n.e.s.EurekaAutoServiceRegistration : Updating port to 9000
2017-02-25 09:39:08.956  INFO 17868 --- [main] c.l.startup.ZuulServerApplication        : Started ZuulServerApplication in 10.769 seconds (JVM running for 11.358)
2017-02-25 09:39:17.965  INFO 17868 --- [qtp2324273-21] o.s.c.n.zuul.web.ZuulHandlerMapping      : Mapped URL path [/order-service/**/**] onto handler of type [class org.springframework.cloud.netflix.zuul.web.ZuulController]
2017-02-25 09:39:17.965  INFO 17868 --- [qtp2324273-21] o.s.c.n.zuul.web.ZuulHandlerMapping      : Mapped URL path [/user-service/**] onto handler of type [class org.springframework.cloud.netflix.zuul.web.ZuulController]
2017-02-25 09:39:17.965  INFO 17868 --- [qtp2324273-21] o.s.c.n.zuul.web.ZuulHandlerMapping      : Mapped URL path [/order-service/**] onto handler of type [class org.springframework.cloud.netflix.zuul.web.ZuulController]
2017-02-25 09:39:18.012  INFO 17868 --- [qtp2324273-21] s.c.a.AnnotationConfigApplicationContext : Refreshing org.springframework.context.annotation.AnnotationConfigApplicationContext@1c5a9b6: startup date [Sat Feb 25 09:39:18 CST 2017]; parent: org.springframework.boot.context.embedded.AnnotationConfigEmbeddedWebApplicationContext@6f0da3
2017-02-25 09:39:18.072  INFO 17868 --- [qtp2324273-21] f.a.AutowiredAnnotationBeanPostProcessor : JSR-330 'javax.inject.Inject' annotation found and supported for autowiring
2017-02-25 09:39:18.247  INFO 17868 --- [qtp2324273-21] c.netflix.config.ChainedDynamicProperty  : Flipping property: order-service.ribbon.ActiveConnectionsLimit to use NEXT property: niws.loadbalancer.availabilityFilteringRule.activeConnectionsLimit = 2147483647
2017-02-25 09:39:18.266  INFO 17868 --- [qtp2324273-21] c.n.u.concurrent.ShutdownEnabledTimer    : Shutdown hook installed for: NFLoadBalancer-PingTimer-order-service
2017-02-25 09:39:18.293  INFO 17868 --- [qtp2324273-21] c.netflix.loadbalancer.BaseLoadBalancer  : Client: order-service instantiated a LoadBalancer: DynamicServerListLoadBalancer:{NFLoadBalancer:name=order-service,current list of Servers=[],Load balancer stats=Zone stats: {},Server stats: []}ServerList:null
2017-02-25 09:39:18.300  INFO 17868 --- [qtp2324273-21] c.n.l.DynamicServerListLoadBalancer      : Using serverListUpdater PollingServerListUpdater
2017-02-25 09:39:18.332  INFO 17868 --- [qtp2324273-21] c.netflix.config.ChainedDynamicProperty  : Flipping property: order-service.ribbon.ActiveConnectionsLimit to use NEXT property: niws.loadbalancer.availabilityFilteringRule.activeConnectionsLimit = 2147483647
2017-02-25 09:39:18.333  INFO 17868 --- [qtp2324273-21] c.n.l.DynamicServerListLoadBalancer      : DynamicServerListLoadBalancer for client order-service initialized: DynamicServerListLoadBalancer:{NFLoadBalancer:name=order-service,current list of Servers=[DESKTOP-GTCTV3N.mshome.net:8021],Load balancer stats=Zone stats: {defaultzone=[Zone:defaultzone;	Instance count:1;	Active connections count: 0;	Circuit breaker tripped count: 0;	Active connections per server: 0.0;]
},Server stats: [[Server:DESKTOP-GTCTV3N.mshome.net:8021;	Zone:defaultZone;	Total Requests:0;	Successive connection failure:0;	Total blackout seconds:0;	Last connection made:Thu Jan 01 08:00:00 CST 1970;	First connection made: Thu Jan 01 08:00:00 CST 1970;	Active Connections:0;	total failure count in last (1000) msecs:0;	average resp time:0.0;	90 percentile resp time:0.0;	95 percentile resp time:0.0;	min resp time:0.0;	max resp time:0.0;	stddev resp time:0.0]
]}ServerList:org.springframework.cloud.netflix.ribbon.eureka.DomainExtractingServerList@185f746
2017-02-25 09:39:19.306  INFO 17868 --- [PollingServerListUpdater-0] c.netflix.config.ChainedDynamicProperty  : Flipping property: order-service.ribbon.ActiveConnectionsLimit to use NEXT property: niws.loadbalancer.availabilityFilteringRule.activeConnectionsLimit = 2147483647
2017-02-25 09:39:32.786  INFO 17868 --- [qtp2324273-21] s.c.a.AnnotationConfigApplicationContext : Refreshing org.springframework.context.annotation.AnnotationConfigApplicationContext@474ebe: startup date [Sat Feb 25 09:39:32 CST 2017]; parent: org.springframework.boot.context.embedded.AnnotationConfigEmbeddedWebApplicationContext@6f0da3
2017-02-25 09:39:32.825  INFO 17868 --- [qtp2324273-21] f.a.AutowiredAnnotationBeanPostProcessor : JSR-330 'javax.inject.Inject' annotation found and supported for autowiring
2017-02-25 09:39:32.894  INFO 17868 --- [qtp2324273-21] c.netflix.config.ChainedDynamicProperty  : Flipping property: user-service.ribbon.ActiveConnectionsLimit to use NEXT property: niws.loadbalancer.availabilityFilteringRule.activeConnectionsLimit = 2147483647
2017-02-25 09:39:32.900  INFO 17868 --- [qtp2324273-21] c.n.u.concurrent.ShutdownEnabledTimer    : Shutdown hook installed for: NFLoadBalancer-PingTimer-user-service
2017-02-25 09:39:32.901  INFO 17868 --- [qtp2324273-21] c.netflix.loadbalancer.BaseLoadBalancer  : Client: user-service instantiated a LoadBalancer: DynamicServerListLoadBalancer:{NFLoadBalancer:name=user-service,current list of Servers=[],Load balancer stats=Zone stats: {},Server stats: []}ServerList:null
2017-02-25 09:39:32.902  INFO 17868 --- [qtp2324273-21] c.n.l.DynamicServerListLoadBalancer      : Using serverListUpdater PollingServerListUpdater
2017-02-25 09:39:32.903  INFO 17868 --- [qtp2324273-21] c.netflix.config.ChainedDynamicProperty  : Flipping property: user-service.ribbon.ActiveConnectionsLimit to use NEXT property: niws.loadbalancer.availabilityFilteringRule.activeConnectionsLimit = 2147483647
2017-02-25 09:39:32.904  INFO 17868 --- [qtp2324273-21] c.n.l.DynamicServerListLoadBalancer      : DynamicServerListLoadBalancer for client user-service initialized: DynamicServerListLoadBalancer:{NFLoadBalancer:name=user-service,current list of Servers=[DESKTOP-GTCTV3N.mshome.net:8011],Load balancer stats=Zone stats: {defaultzone=[Zone:defaultzone;	Instance count:1;	Active connections count: 0;	Circuit breaker tripped count: 0;	Active connections per server: 0.0;]
},Server stats: [[Server:DESKTOP-GTCTV3N.mshome.net:8011;	Zone:defaultZone;	Total Requests:0;	Successive connection failure:0;	Total blackout seconds:0;	Last connection made:Thu Jan 01 08:00:00 CST 1970;	First connection made: Thu Jan 01 08:00:00 CST 1970;	Active Connections:0;	total failure count in last (1000) msecs:0;	average resp time:0.0;	90 percentile resp time:0.0;	95 percentile resp time:0.0;	min resp time:0.0;	max resp time:0.0;	stddev resp time:0.0]
]}ServerList:org.springframework.cloud.netflix.ribbon.eureka.DomainExtractingServerList@5133ca
2017-02-25 09:39:33.905  INFO 17868 --- [PollingServerListUpdater-0] c.netflix.config.ChainedDynamicProperty  : Flipping property: user-service.ribbon.ActiveConnectionsLimit to use NEXT property: niws.loadbalancer.availabilityFilteringRule.activeConnectionsLimit = 2147483647
2017-02-25 09:44:08.528  INFO 17868 --- [AsyncResolver-bootstrap-executor-0] c.n.d.s.r.aws.ConfigClusterResolver      : Resolving eureka endpoints via configuration
2017-02-25 09:46:43.140  WARN 17868 --- [qtp2324273-20] o.s.c.n.z.filters.post.SendErrorFilter   : Error during filtering

com.netflix.zuul.exception.ZuulException: Forwarding error
	at org.springframework.cloud.netflix.zuul.filters.route.RibbonRoutingFilter.handleException(RibbonRoutingFilter.java:183) ~[spring-cloud-netflix-core-1.3.0.BUILD-20170223.230400-904.jar:1.3.0.BUILD-SNAPSHOT]
	at org.springframework.cloud.netflix.zuul.filters.route.RibbonRoutingFilter.forward(RibbonRoutingFilter.java:158) ~[spring-cloud-netflix-core-1.3.0.BUILD-20170223.230400-904.jar:1.3.0.BUILD-SNAPSHOT]
	at org.springframework.cloud.netflix.zuul.filters.route.RibbonRoutingFilter.run(RibbonRoutingFilter.java:106) ~[spring-cloud-netflix-core-1.3.0.BUILD-20170223.230400-904.jar:1.3.0.BUILD-SNAPSHOT]
	at com.netflix.zuul.ZuulFilter.runFilter(ZuulFilter.java:112) ~[zuul-core-1.3.0.jar:1.3.0]
	at com.netflix.zuul.FilterProcessor.processZuulFilter(FilterProcessor.java:193) ~[zuul-core-1.3.0.jar:1.3.0]
	at com.netflix.zuul.FilterProcessor.runFilters(FilterProcessor.java:157) ~[zuul-core-1.3.0.jar:1.3.0]
	at com.netflix.zuul.FilterProcessor.route(FilterProcessor.java:118) ~[zuul-core-1.3.0.jar:1.3.0]
	at com.netflix.zuul.ZuulRunner.route(ZuulRunner.java:96) ~[zuul-core-1.3.0.jar:1.3.0]
	at com.netflix.zuul.http.ZuulServlet.route(ZuulServlet.java:116) ~[zuul-core-1.3.0.jar:1.3.0]
	at com.netflix.zuul.http.ZuulServlet.service(ZuulServlet.java:81) ~[zuul-core-1.3.0.jar:1.3.0]
	at org.springframework.web.servlet.mvc.ServletWrappingController.handleRequestInternal(ServletWrappingController.java:157) [spring-webmvc-4.3.6.RELEASE.jar:4.3.6.RELEASE]
	at org.springframework.cloud.netflix.zuul.web.ZuulController.handleRequest(ZuulController.java:44) [spring-cloud-netflix-core-1.3.0.BUILD-20170223.230400-904.jar:1.3.0.BUILD-SNAPSHOT]
	at org.springframework.web.servlet.mvc.SimpleControllerHandlerAdapter.handle(SimpleControllerHandlerAdapter.java:50) [spring-webmvc-4.3.6.RELEASE.jar:4.3.6.RELEASE]
	at org.springframework.web.servlet.DispatcherServlet.doDispatch(DispatcherServlet.java:963) [spring-webmvc-4.3.6.RELEASE.jar:4.3.6.RELEASE]
	at org.springframework.web.servlet.DispatcherServlet.doService(DispatcherServlet.java:897) [spring-webmvc-4.3.6.RELEASE.jar:4.3.6.RELEASE]
	at org.springframework.web.servlet.FrameworkServlet.processRequest(FrameworkServlet.java:970) [spring-webmvc-4.3.6.RELEASE.jar:4.3.6.RELEASE]
	at org.springframework.web.servlet.FrameworkServlet.doGet(FrameworkServlet.java:861) [spring-webmvc-4.3.6.RELEASE.jar:4.3.6.RELEASE]
	at javax.servlet.http.HttpServlet.service(HttpServlet.java:687) [javax.servlet-api-3.1.0.jar:3.1.0]
	at org.springframework.web.servlet.FrameworkServlet.service(FrameworkServlet.java:846) [spring-webmvc-4.3.6.RELEASE.jar:4.3.6.RELEASE]
	at javax.servlet.http.HttpServlet.service(HttpServlet.java:790) [javax.servlet-api-3.1.0.jar:3.1.0]
	at org.eclipse.jetty.servlet.ServletHolder.handle(ServletHolder.java:841) [jetty-servlet-9.4.1.v20170120.jar:9.4.1.v20170120]
	at org.eclipse.jetty.servlet.ServletHandler$CachedChain.doFilter(ServletHandler.java:1634) [jetty-servlet-9.4.1.v20170120.jar:9.4.1.v20170120]
	at org.eclipse.jetty.websocket.server.WebSocketUpgradeFilter.doFilter(WebSocketUpgradeFilter.java:206) [websocket-server-9.4.1.v20170120.jar:9.4.1.v20170120]
	at org.eclipse.jetty.servlet.ServletHandler$CachedChain.doFilter(ServletHandler.java:1621) [jetty-servlet-9.4.1.v20170120.jar:9.4.1.v20170120]
	at org.springframework.boot.web.filter.ApplicationContextHeaderFilter.doFilterInternal(ApplicationContextHeaderFilter.java:55) [spring-boot-1.5.1.RELEASE.jar:1.5.1.RELEASE]
	at org.springframework.web.filter.OncePerRequestFilter.doFilter(OncePerRequestFilter.java:107) [spring-web-4.3.6.RELEASE.jar:4.3.6.RELEASE]
	at org.eclipse.jetty.servlet.ServletHandler$CachedChain.doFilter(ServletHandler.java:1621) [jetty-servlet-9.4.1.v20170120.jar:9.4.1.v20170120]
	at org.springframework.boot.actuate.trace.WebRequestTraceFilter.doFilterInternal(WebRequestTraceFilter.java:108) [spring-boot-actuator-1.5.1.RELEASE.jar:1.5.1.RELEASE]
	at org.springframework.web.filter.OncePerRequestFilter.doFilter(OncePerRequestFilter.java:107) [spring-web-4.3.6.RELEASE.jar:4.3.6.RELEASE]
	at org.eclipse.jetty.servlet.ServletHandler$CachedChain.doFilter(ServletHandler.java:1621) [jetty-servlet-9.4.1.v20170120.jar:9.4.1.v20170120]
	at org.springframework.web.filter.RequestContextFilter.doFilterInternal(RequestContextFilter.java:99) [spring-web-4.3.6.RELEASE.jar:4.3.6.RELEASE]
	at org.springframework.web.filter.OncePerRequestFilter.doFilter(OncePerRequestFilter.java:107) [spring-web-4.3.6.RELEASE.jar:4.3.6.RELEASE]
	at org.eclipse.jetty.servlet.ServletHandler$CachedChain.doFilter(ServletHandler.java:1621) [jetty-servlet-9.4.1.v20170120.jar:9.4.1.v20170120]
	at org.springframework.web.filter.HttpPutFormContentFilter.doFilterInternal(HttpPutFormContentFilter.java:105) [spring-web-4.3.6.RELEASE.jar:4.3.6.RELEASE]
	at org.springframework.web.filter.OncePerRequestFilter.doFilter(OncePerRequestFilter.java:107) [spring-web-4.3.6.RELEASE.jar:4.3.6.RELEASE]
	at org.eclipse.jetty.servlet.ServletHandler$CachedChain.doFilter(ServletHandler.java:1621) [jetty-servlet-9.4.1.v20170120.jar:9.4.1.v20170120]
	at org.springframework.web.filter.HiddenHttpMethodFilter.doFilterInternal(HiddenHttpMethodFilter.java:81) [spring-web-4.3.6.RELEASE.jar:4.3.6.RELEASE]
	at org.springframework.web.filter.OncePerRequestFilter.doFilter(OncePerRequestFilter.java:107) [spring-web-4.3.6.RELEASE.jar:4.3.6.RELEASE]
	at org.eclipse.jetty.servlet.ServletHandler$CachedChain.doFilter(ServletHandler.java:1621) [jetty-servlet-9.4.1.v20170120.jar:9.4.1.v20170120]
	at org.springframework.web.filter.CharacterEncodingFilter.doFilterInternal(CharacterEncodingFilter.java:197) [spring-web-4.3.6.RELEASE.jar:4.3.6.RELEASE]
	at org.springframework.web.filter.OncePerRequestFilter.doFilter(OncePerRequestFilter.java:107) [spring-web-4.3.6.RELEASE.jar:4.3.6.RELEASE]
	at org.eclipse.jetty.servlet.ServletHandler$CachedChain.doFilter(ServletHandler.java:1621) [jetty-servlet-9.4.1.v20170120.jar:9.4.1.v20170120]
	at org.springframework.boot.actuate.autoconfigure.MetricsFilter.doFilterInternal(MetricsFilter.java:106) [spring-boot-actuator-1.5.1.RELEASE.jar:1.5.1.RELEASE]
	at org.springframework.web.filter.OncePerRequestFilter.doFilter(OncePerRequestFilter.java:107) [spring-web-4.3.6.RELEASE.jar:4.3.6.RELEASE]
	at org.eclipse.jetty.servlet.ServletHandler$CachedChain.doFilter(ServletHandler.java:1621) [jetty-servlet-9.4.1.v20170120.jar:9.4.1.v20170120]
	at org.eclipse.jetty.servlet.ServletHandler.doHandle(ServletHandler.java:541) [jetty-servlet-9.4.1.v20170120.jar:9.4.1.v20170120]
	at org.eclipse.jetty.server.handler.ScopedHandler.handle(ScopedHandler.java:143) [jetty-server-9.4.1.v20170120.jar:9.4.1.v20170120]
	at org.eclipse.jetty.security.SecurityHandler.handle(SecurityHandler.java:548) [jetty-security-9.4.1.v20170120.jar:9.4.1.v20170120]
	at org.eclipse.jetty.server.handler.HandlerWrapper.handle(HandlerWrapper.java:132) [jetty-server-9.4.1.v20170120.jar:9.4.1.v20170120]
	at org.eclipse.jetty.server.handler.ScopedHandler.nextHandle(ScopedHandler.java:190) [jetty-server-9.4.1.v20170120.jar:9.4.1.v20170120]
	at org.eclipse.jetty.server.session.SessionHandler.doHandle(SessionHandler.java:1584) [jetty-server-9.4.1.v20170120.jar:9.4.1.v20170120]
	at org.eclipse.jetty.server.handler.ScopedHandler.nextHandle(ScopedHandler.java:188) [jetty-server-9.4.1.v20170120.jar:9.4.1.v20170120]
	at org.eclipse.jetty.server.handler.ContextHandler.doHandle(ContextHandler.java:1228) [jetty-server-9.4.1.v20170120.jar:9.4.1.v20170120]
	at org.eclipse.jetty.server.handler.ScopedHandler.nextScope(ScopedHandler.java:168) [jetty-server-9.4.1.v20170120.jar:9.4.1.v20170120]
	at org.eclipse.jetty.servlet.ServletHandler.doScope(ServletHandler.java:481) [jetty-servlet-9.4.1.v20170120.jar:9.4.1.v20170120]
	at org.eclipse.jetty.server.session.SessionHandler.doScope(SessionHandler.java:1553) [jetty-server-9.4.1.v20170120.jar:9.4.1.v20170120]
	at org.eclipse.jetty.server.handler.ScopedHandler.nextScope(ScopedHandler.java:166) [jetty-server-9.4.1.v20170120.jar:9.4.1.v20170120]
	at org.eclipse.jetty.server.handler.ContextHandler.doScope(ContextHandler.java:1130) [jetty-server-9.4.1.v20170120.jar:9.4.1.v20170120]
	at org.eclipse.jetty.server.handler.ScopedHandler.handle(ScopedHandler.java:141) [jetty-server-9.4.1.v20170120.jar:9.4.1.v20170120]
	at org.eclipse.jetty.server.handler.HandlerWrapper.handle(HandlerWrapper.java:132) [jetty-server-9.4.1.v20170120.jar:9.4.1.v20170120]
	at org.eclipse.jetty.server.Server.handle(Server.java:564) [jetty-server-9.4.1.v20170120.jar:9.4.1.v20170120]
	at org.eclipse.jetty.server.HttpChannel.handle(HttpChannel.java:320) [jetty-server-9.4.1.v20170120.jar:9.4.1.v20170120]
	at org.eclipse.jetty.server.HttpConnection.onFillable(HttpConnection.java:251) [jetty-server-9.4.1.v20170120.jar:9.4.1.v20170120]
	at org.eclipse.jetty.io.AbstractConnection$ReadCallback.succeeded(AbstractConnection.java:279) [jetty-io-9.4.1.v20170120.jar:9.4.1.v20170120]
	at org.eclipse.jetty.io.FillInterest.fillable(FillInterest.java:112) [jetty-io-9.4.1.v20170120.jar:9.4.1.v20170120]
	at org.eclipse.jetty.io.ChannelEndPoint$2.run(ChannelEndPoint.java:124) [jetty-io-9.4.1.v20170120.jar:9.4.1.v20170120]
	at org.eclipse.jetty.util.thread.Invocable.invokePreferred(Invocable.java:122) [jetty-util-9.4.1.v20170120.jar:9.4.1.v20170120]
	at org.eclipse.jetty.util.thread.strategy.ExecutingExecutionStrategy.invoke(ExecutingExecutionStrategy.java:58) [jetty-util-9.4.1.v20170120.jar:9.4.1.v20170120]
	at org.eclipse.jetty.util.thread.strategy.ExecuteProduceConsume.produceConsume(ExecuteProduceConsume.java:201) [jetty-util-9.4.1.v20170120.jar:9.4.1.v20170120]
	at org.eclipse.jetty.util.thread.strategy.ExecuteProduceConsume.run(ExecuteProduceConsume.java:133) [jetty-util-9.4.1.v20170120.jar:9.4.1.v20170120]
	at org.eclipse.jetty.util.thread.QueuedThreadPool.runJob(QueuedThreadPool.java:672) [jetty-util-9.4.1.v20170120.jar:9.4.1.v20170120]
	at org.eclipse.jetty.util.thread.QueuedThreadPool$2.run(QueuedThreadPool.java:590) [jetty-util-9.4.1.v20170120.jar:9.4.1.v20170120]
	at java.lang.Thread.run(Thread.java:745) [na:1.8.0_111]
Caused by: com.netflix.hystrix.exception.HystrixRuntimeException: user-service timed-out and no fallback available.
	at com.netflix.hystrix.AbstractCommand$22.call(AbstractCommand.java:822) ~[hystrix-core-1.5.9.jar:1.5.9]
	at com.netflix.hystrix.AbstractCommand$22.call(AbstractCommand.java:807) ~[hystrix-core-1.5.9.jar:1.5.9]
	at rx.internal.operators.OperatorOnErrorResumeNextViaFunction$4.onError(OperatorOnErrorResumeNextViaFunction.java:140) ~[rxjava-1.1.10.jar:1.1.10]
	at rx.internal.operators.OnSubscribeDoOnEach$DoOnEachSubscriber.onError(OnSubscribeDoOnEach.java:87) ~[rxjava-1.1.10.jar:1.1.10]
	at rx.internal.operators.OnSubscribeDoOnEach$DoOnEachSubscriber.onError(OnSubscribeDoOnEach.java:87) ~[rxjava-1.1.10.jar:1.1.10]
	at com.netflix.hystrix.AbstractCommand$DeprecatedOnFallbackHookApplication$1.onError(AbstractCommand.java:1472) ~[hystrix-core-1.5.9.jar:1.5.9]
	at com.netflix.hystrix.AbstractCommand$FallbackHookApplication$1.onError(AbstractCommand.java:1397) ~[hystrix-core-1.5.9.jar:1.5.9]
	at rx.internal.operators.OnSubscribeDoOnEach$DoOnEachSubscriber.onError(OnSubscribeDoOnEach.java:87) ~[rxjava-1.1.10.jar:1.1.10]
	at rx.observers.Subscribers$5.onError(Subscribers.java:230) ~[rxjava-1.1.10.jar:1.1.10]
	at rx.internal.operators.OnSubscribeThrow.call(OnSubscribeThrow.java:44) ~[rxjava-1.1.10.jar:1.1.10]
	at rx.internal.operators.OnSubscribeThrow.call(OnSubscribeThrow.java:28) ~[rxjava-1.1.10.jar:1.1.10]
	at rx.Observable.unsafeSubscribe(Observable.java:10211) ~[rxjava-1.1.10.jar:1.1.10]
	at rx.internal.operators.OnSubscribeDefer.call(OnSubscribeDefer.java:51) ~[rxjava-1.1.10.jar:1.1.10]
	at rx.internal.operators.OnSubscribeDefer.call(OnSubscribeDefer.java:35) ~[rxjava-1.1.10.jar:1.1.10]
	at rx.Observable.unsafeSubscribe(Observable.java:10211) ~[rxjava-1.1.10.jar:1.1.10]
	at rx.internal.operators.OnSubscribeDoOnEach.call(OnSubscribeDoOnEach.java:41) ~[rxjava-1.1.10.jar:1.1.10]
	at rx.internal.operators.OnSubscribeDoOnEach.call(OnSubscribeDoOnEach.java:30) ~[rxjava-1.1.10.jar:1.1.10]
	at rx.internal.operators.OnSubscribeLift.call(OnSubscribeLift.java:48) ~[rxjava-1.1.10.jar:1.1.10]
	at rx.internal.operators.OnSubscribeLift.call(OnSubscribeLift.java:30) ~[rxjava-1.1.10.jar:1.1.10]
	at rx.internal.operators.OnSubscribeLift.call(OnSubscribeLift.java:48) ~[rxjava-1.1.10.jar:1.1.10]
	at rx.internal.operators.OnSubscribeLift.call(OnSubscribeLift.java:30) ~[rxjava-1.1.10.jar:1.1.10]
	at rx.Observable.unsafeSubscribe(Observable.java:10211) ~[rxjava-1.1.10.jar:1.1.10]
	at rx.internal.operators.OnSubscribeDoOnEach.call(OnSubscribeDoOnEach.java:41) ~[rxjava-1.1.10.jar:1.1.10]
	at rx.internal.operators.OnSubscribeDoOnEach.call(OnSubscribeDoOnEach.java:30) ~[rxjava-1.1.10.jar:1.1.10]
	at rx.Observable.unsafeSubscribe(Observable.java:10211) ~[rxjava-1.1.10.jar:1.1.10]
	at rx.internal.operators.OnSubscribeDoOnEach.call(OnSubscribeDoOnEach.java:41) ~[rxjava-1.1.10.jar:1.1.10]
	at rx.internal.operators.OnSubscribeDoOnEach.call(OnSubscribeDoOnEach.java:30) ~[rxjava-1.1.10.jar:1.1.10]
	at rx.internal.operators.OnSubscribeLift.call(OnSubscribeLift.java:48) ~[rxjava-1.1.10.jar:1.1.10]
	at rx.internal.operators.OnSubscribeLift.call(OnSubscribeLift.java:30) ~[rxjava-1.1.10.jar:1.1.10]
	at rx.Observable.unsafeSubscribe(Observable.java:10211) ~[rxjava-1.1.10.jar:1.1.10]
	at rx.internal.operators.OnSubscribeDoOnEach.call(OnSubscribeDoOnEach.java:41) ~[rxjava-1.1.10.jar:1.1.10]
	at rx.internal.operators.OnSubscribeDoOnEach.call(OnSubscribeDoOnEach.java:30) ~[rxjava-1.1.10.jar:1.1.10]
	at rx.internal.operators.OnSubscribeLift.call(OnSubscribeLift.java:48) ~[rxjava-1.1.10.jar:1.1.10]
	at rx.internal.operators.OnSubscribeLift.call(OnSubscribeLift.java:30) ~[rxjava-1.1.10.jar:1.1.10]
	at rx.Observable.unsafeSubscribe(Observable.java:10211) ~[rxjava-1.1.10.jar:1.1.10]
	at rx.internal.operators.OperatorOnErrorResumeNextViaFunction$4.onError(OperatorOnErrorResumeNextViaFunction.java:142) ~[rxjava-1.1.10.jar:1.1.10]
	at rx.internal.operators.OnSubscribeDoOnEach$DoOnEachSubscriber.onError(OnSubscribeDoOnEach.java:87) ~[rxjava-1.1.10.jar:1.1.10]
	at rx.internal.operators.OnSubscribeDoOnEach$DoOnEachSubscriber.onError(OnSubscribeDoOnEach.java:87) ~[rxjava-1.1.10.jar:1.1.10]
	at com.netflix.hystrix.AbstractCommand$HystrixObservableTimeoutOperator$1.run(AbstractCommand.java:1142) ~[hystrix-core-1.5.9.jar:1.5.9]
	at com.netflix.hystrix.strategy.concurrency.HystrixContextRunnable$1.call(HystrixContextRunnable.java:41) ~[hystrix-core-1.5.9.jar:1.5.9]
	at com.netflix.hystrix.strategy.concurrency.HystrixContextRunnable$1.call(HystrixContextRunnable.java:37) ~[hystrix-core-1.5.9.jar:1.5.9]
	at com.netflix.hystrix.strategy.concurrency.HystrixContextRunnable.run(HystrixContextRunnable.java:57) ~[hystrix-core-1.5.9.jar:1.5.9]
	at com.netflix.hystrix.AbstractCommand$HystrixObservableTimeoutOperator$2.tick(AbstractCommand.java:1159) ~[hystrix-core-1.5.9.jar:1.5.9]
	at com.netflix.hystrix.util.HystrixTimer$1.run(HystrixTimer.java:99) ~[hystrix-core-1.5.9.jar:1.5.9]
	at java.util.concurrent.Executors$RunnableAdapter.call(Executors.java:511) ~[na:1.8.0_111]
	at java.util.concurrent.FutureTask.runAndReset(FutureTask.java:308) ~[na:1.8.0_111]
	at java.util.concurrent.ScheduledThreadPoolExecutor$ScheduledFutureTask.access$301(ScheduledThreadPoolExecutor.java:180) ~[na:1.8.0_111]
	at java.util.concurrent.ScheduledThreadPoolExecutor$ScheduledFutureTask.run(ScheduledThreadPoolExecutor.java:294) ~[na:1.8.0_111]
	at java.util.concurrent.ThreadPoolExecutor.runWorker(ThreadPoolExecutor.java:1142) ~[na:1.8.0_111]
	at java.util.concurrent.ThreadPoolExecutor$Worker.run(ThreadPoolExecutor.java:617) ~[na:1.8.0_111]
	... 1 common frames omitted
Caused by: java.util.concurrent.TimeoutException: null
	at com.netflix.hystrix.AbstractCommand.handleTimeoutViaFallback(AbstractCommand.java:997) ~[hystrix-core-1.5.9.jar:1.5.9]
	at com.netflix.hystrix.AbstractCommand.access$500(AbstractCommand.java:60) ~[hystrix-core-1.5.9.jar:1.5.9]
	at com.netflix.hystrix.AbstractCommand$12.call(AbstractCommand.java:609) ~[hystrix-core-1.5.9.jar:1.5.9]
	at com.netflix.hystrix.AbstractCommand$12.call(AbstractCommand.java:601) ~[hystrix-core-1.5.9.jar:1.5.9]
	at rx.internal.operators.OperatorOnErrorResumeNextViaFunction$4.onError(OperatorOnErrorResumeNextViaFunction.java:140) ~[rxjava-1.1.10.jar:1.1.10]
	... 15 common frames omitted

